<?xml version="1.0" encoding="UTF-8"?>
<testsuite xmlns:xsi="http://www.w3.org/2001/XMLSchema-instance" xsi:noNamespaceSchemaLocation="https://maven.apache.org/surefire/maven-surefire-plugin/xsd/surefire-test-report-3.0.xsd" version="3.0" name="es.uvigo.esei.dai.hybridserver.step2.ClientRequetsTest" time="0.056" tests="8" errors="0" skipped="0" failures="4">
  <properties>
    <property name="java.specification.version" value="19"/>
    <property name="sun.cpu.isalist" value="amd64"/>
    <property name="sun.jnu.encoding" value="Cp1252"/>
    <property name="java.class.path" value="C:\Users\dador\Documents\GitHub\hybrid-server\target\test-classes;C:\Users\dador\Documents\GitHub\hybrid-server\target\classes;C:\Users\dador\.m2\repository\jakarta\xml\ws\jakarta.xml.ws-api\4.0.0\jakarta.xml.ws-api-4.0.0.jar;C:\Users\dador\.m2\repository\jakarta\xml\bind\jakarta.xml.bind-api\4.0.0\jakarta.xml.bind-api-4.0.0.jar;C:\Users\dador\.m2\repository\jakarta\xml\soap\jakarta.xml.soap-api\3.0.0\jakarta.xml.soap-api-3.0.0.jar;C:\Users\dador\.m2\repository\com\mysql\mysql-connector-j\8.4.0\mysql-connector-j-8.4.0.jar;C:\Users\dador\.m2\repository\com\google\protobuf\protobuf-java\3.25.1\protobuf-java-3.25.1.jar;C:\Users\dador\.m2\repository\com\sun\xml\ws\jaxws-rt\4.0.3\jaxws-rt-4.0.3.jar;C:\Users\dador\.m2\repository\com\sun\xml\bind\jaxb-impl\4.0.5\jaxb-impl-4.0.5.jar;C:\Users\dador\.m2\repository\com\sun\xml\bind\jaxb-core\4.0.5\jaxb-core-4.0.5.jar;C:\Users\dador\.m2\repository\org\glassfish\ha\ha-api\3.1.13\ha-api-3.1.13.jar;C:\Users\dador\.m2\repository\org\glassfish\external\management-api\3.2.3\management-api-3.2.3.jar;C:\Users\dador\.m2\repository\org\glassfish\gmbal\gmbal-api-only\4.0.3\gmbal-api-only-4.0.3.jar;C:\Users\dador\.m2\repository\org\jvnet\staxex\stax-ex\2.1.0\stax-ex-2.1.0.jar;C:\Users\dador\.m2\repository\com\sun\xml\stream\buffer\streambuffer\2.1.0\streambuffer-2.1.0.jar;C:\Users\dador\.m2\repository\org\jvnet\mimepull\mimepull\1.10.0\mimepull-1.10.0.jar;C:\Users\dador\.m2\repository\com\sun\xml\fastinfoset\FastInfoset\2.1.1\FastInfoset-2.1.1.jar;C:\Users\dador\.m2\repository\jakarta\mail\jakarta.mail-api\2.1.3\jakarta.mail-api-2.1.3.jar;C:\Users\dador\.m2\repository\org\eclipse\angus\angus-activation\2.0.2\angus-activation-2.0.2.jar;C:\Users\dador\.m2\repository\org\eclipse\angus\angus-mail\2.0.3\angus-mail-2.0.3.jar;C:\Users\dador\.m2\repository\com\sun\xml\messaging\saaj\saaj-impl\3.0.4\saaj-impl-3.0.4.jar;C:\Users\dador\.m2\repository\com\fasterxml\woodstox\woodstox-core\7.0.0\woodstox-core-7.0.0.jar;C:\Users\dador\.m2\repository\org\codehaus\woodstox\stax2-api\4.2.2\stax2-api-4.2.2.jar;C:\Users\dador\.m2\repository\jakarta\activation\jakarta.activation-api\2.1.3\jakarta.activation-api-2.1.3.jar;C:\Users\dador\.m2\repository\jakarta\annotation\jakarta.annotation-api\3.0.0\jakarta.annotation-api-3.0.0.jar;C:\Users\dador\.m2\repository\org\junit\jupiter\junit-jupiter\5.13.4\junit-jupiter-5.13.4.jar;C:\Users\dador\.m2\repository\org\junit\jupiter\junit-jupiter-api\5.13.4\junit-jupiter-api-5.13.4.jar;C:\Users\dador\.m2\repository\org\opentest4j\opentest4j\1.3.0\opentest4j-1.3.0.jar;C:\Users\dador\.m2\repository\org\junit\platform\junit-platform-commons\1.13.4\junit-platform-commons-1.13.4.jar;C:\Users\dador\.m2\repository\org\junit\jupiter\junit-jupiter-engine\5.13.4\junit-jupiter-engine-5.13.4.jar;C:\Users\dador\.m2\repository\org\junit\platform\junit-platform-suite-engine\1.13.4\junit-platform-suite-engine-1.13.4.jar;C:\Users\dador\.m2\repository\org\junit\platform\junit-platform-engine\1.13.4\junit-platform-engine-1.13.4.jar;C:\Users\dador\.m2\repository\org\junit\platform\junit-platform-suite-api\1.13.4\junit-platform-suite-api-1.13.4.jar;C:\Users\dador\.m2\repository\org\apiguardian\apiguardian-api\1.1.2\apiguardian-api-1.1.2.jar;C:\Users\dador\.m2\repository\org\junit\platform\junit-platform-suite-commons\1.13.4\junit-platform-suite-commons-1.13.4.jar;C:\Users\dador\.m2\repository\org\junit\platform\junit-platform-launcher\1.13.4\junit-platform-launcher-1.13.4.jar;C:\Users\dador\.m2\repository\org\junit\jupiter\junit-jupiter-params\5.13.4\junit-jupiter-params-5.13.4.jar;C:\Users\dador\.m2\repository\org\hamcrest\hamcrest\2.2\hamcrest-2.2.jar;C:\Users\dador\.m2\repository\org\dbunit\dbunit\2.7.3\dbunit-2.7.3.jar;C:\Users\dador\.m2\repository\org\postgresql\postgresql\42.3.1\postgresql-42.3.1.jar;C:\Users\dador\.m2\repository\org\checkerframework\checker-qual\3.5.0\checker-qual-3.5.0.jar;C:\Users\dador\.m2\repository\com\oracle\database\jdbc\ojdbc8\19.3.0.0\ojdbc8-19.3.0.0.jar;C:\Users\dador\.m2\repository\com\oracle\database\jdbc\ucp\19.3.0.0\ucp-19.3.0.0.jar;C:\Users\dador\.m2\repository\com\oracle\database\security\oraclepki\19.3.0.0\oraclepki-19.3.0.0.jar;C:\Users\dador\.m2\repository\com\oracle\database\security\osdt_cert\19.3.0.0\osdt_cert-19.3.0.0.jar;C:\Users\dador\.m2\repository\com\oracle\database\security\osdt_core\19.3.0.0\osdt_core-19.3.0.0.jar;C:\Users\dador\.m2\repository\com\oracle\database\ha\simplefan\19.3.0.0\simplefan-19.3.0.0.jar;C:\Users\dador\.m2\repository\com\oracle\database\ha\ons\19.3.0.0\ons-19.3.0.0.jar;C:\Users\dador\.m2\repository\org\apache\httpcomponents\fluent-hc\4.5.14\fluent-hc-4.5.14.jar;C:\Users\dador\.m2\repository\org\apache\httpcomponents\httpclient\4.5.14\httpclient-4.5.14.jar;C:\Users\dador\.m2\repository\org\apache\httpcomponents\httpcore\4.4.16\httpcore-4.4.16.jar;C:\Users\dador\.m2\repository\commons-codec\commons-codec\1.11\commons-codec-1.11.jar;C:\Users\dador\.m2\repository\commons-logging\commons-logging\1.2\commons-logging-1.2.jar;C:\Users\dador\.m2\repository\org\slf4j\slf4j-api\2.0.7\slf4j-api-2.0.7.jar;C:\Users\dador\.m2\repository\org\slf4j\slf4j-simple\2.0.7\slf4j-simple-2.0.7.jar;"/>
    <property name="java.vm.vendor" value="Oracle Corporation"/>
    <property name="sun.arch.data.model" value="64"/>
    <property name="user.variant" value=""/>
    <property name="java.vendor.url" value="https://java.oracle.com/"/>
    <property name="user.timezone" value="Europe/Madrid"/>
    <property name="os.name" value="Windows 10"/>
    <property name="java.vm.specification.version" value="19"/>
    <property name="sun.java.launcher" value="SUN_STANDARD"/>
    <property name="user.country" value="ES"/>
    <property name="sun.boot.library.path" value="C:\Program Files\Java\jdk-19\bin"/>
    <property name="sun.java.command" value="C:\Users\dador\AppData\Local\Temp\surefire7519655154944485880\surefirebooter-20250924230845750_3.jar C:\Users\dador\AppData\Local\Temp\surefire7519655154944485880 2025-09-24T23-08-45_646-jvmRun1 surefire-20250924230845750_1tmp surefire_0-20250924230845750_2tmp"/>
    <property name="jdk.debug" value="release"/>
    <property name="surefire.test.class.path" value="C:\Users\dador\Documents\GitHub\hybrid-server\target\test-classes;C:\Users\dador\Documents\GitHub\hybrid-server\target\classes;C:\Users\dador\.m2\repository\jakarta\xml\ws\jakarta.xml.ws-api\4.0.0\jakarta.xml.ws-api-4.0.0.jar;C:\Users\dador\.m2\repository\jakarta\xml\bind\jakarta.xml.bind-api\4.0.0\jakarta.xml.bind-api-4.0.0.jar;C:\Users\dador\.m2\repository\jakarta\xml\soap\jakarta.xml.soap-api\3.0.0\jakarta.xml.soap-api-3.0.0.jar;C:\Users\dador\.m2\repository\com\mysql\mysql-connector-j\8.4.0\mysql-connector-j-8.4.0.jar;C:\Users\dador\.m2\repository\com\google\protobuf\protobuf-java\3.25.1\protobuf-java-3.25.1.jar;C:\Users\dador\.m2\repository\com\sun\xml\ws\jaxws-rt\4.0.3\jaxws-rt-4.0.3.jar;C:\Users\dador\.m2\repository\com\sun\xml\bind\jaxb-impl\4.0.5\jaxb-impl-4.0.5.jar;C:\Users\dador\.m2\repository\com\sun\xml\bind\jaxb-core\4.0.5\jaxb-core-4.0.5.jar;C:\Users\dador\.m2\repository\org\glassfish\ha\ha-api\3.1.13\ha-api-3.1.13.jar;C:\Users\dador\.m2\repository\org\glassfish\external\management-api\3.2.3\management-api-3.2.3.jar;C:\Users\dador\.m2\repository\org\glassfish\gmbal\gmbal-api-only\4.0.3\gmbal-api-only-4.0.3.jar;C:\Users\dador\.m2\repository\org\jvnet\staxex\stax-ex\2.1.0\stax-ex-2.1.0.jar;C:\Users\dador\.m2\repository\com\sun\xml\stream\buffer\streambuffer\2.1.0\streambuffer-2.1.0.jar;C:\Users\dador\.m2\repository\org\jvnet\mimepull\mimepull\1.10.0\mimepull-1.10.0.jar;C:\Users\dador\.m2\repository\com\sun\xml\fastinfoset\FastInfoset\2.1.1\FastInfoset-2.1.1.jar;C:\Users\dador\.m2\repository\jakarta\mail\jakarta.mail-api\2.1.3\jakarta.mail-api-2.1.3.jar;C:\Users\dador\.m2\repository\org\eclipse\angus\angus-activation\2.0.2\angus-activation-2.0.2.jar;C:\Users\dador\.m2\repository\org\eclipse\angus\angus-mail\2.0.3\angus-mail-2.0.3.jar;C:\Users\dador\.m2\repository\com\sun\xml\messaging\saaj\saaj-impl\3.0.4\saaj-impl-3.0.4.jar;C:\Users\dador\.m2\repository\com\fasterxml\woodstox\woodstox-core\7.0.0\woodstox-core-7.0.0.jar;C:\Users\dador\.m2\repository\org\codehaus\woodstox\stax2-api\4.2.2\stax2-api-4.2.2.jar;C:\Users\dador\.m2\repository\jakarta\activation\jakarta.activation-api\2.1.3\jakarta.activation-api-2.1.3.jar;C:\Users\dador\.m2\repository\jakarta\annotation\jakarta.annotation-api\3.0.0\jakarta.annotation-api-3.0.0.jar;C:\Users\dador\.m2\repository\org\junit\jupiter\junit-jupiter\5.13.4\junit-jupiter-5.13.4.jar;C:\Users\dador\.m2\repository\org\junit\jupiter\junit-jupiter-api\5.13.4\junit-jupiter-api-5.13.4.jar;C:\Users\dador\.m2\repository\org\opentest4j\opentest4j\1.3.0\opentest4j-1.3.0.jar;C:\Users\dador\.m2\repository\org\junit\platform\junit-platform-commons\1.13.4\junit-platform-commons-1.13.4.jar;C:\Users\dador\.m2\repository\org\junit\jupiter\junit-jupiter-engine\5.13.4\junit-jupiter-engine-5.13.4.jar;C:\Users\dador\.m2\repository\org\junit\platform\junit-platform-suite-engine\1.13.4\junit-platform-suite-engine-1.13.4.jar;C:\Users\dador\.m2\repository\org\junit\platform\junit-platform-engine\1.13.4\junit-platform-engine-1.13.4.jar;C:\Users\dador\.m2\repository\org\junit\platform\junit-platform-suite-api\1.13.4\junit-platform-suite-api-1.13.4.jar;C:\Users\dador\.m2\repository\org\apiguardian\apiguardian-api\1.1.2\apiguardian-api-1.1.2.jar;C:\Users\dador\.m2\repository\org\junit\platform\junit-platform-suite-commons\1.13.4\junit-platform-suite-commons-1.13.4.jar;C:\Users\dador\.m2\repository\org\junit\platform\junit-platform-launcher\1.13.4\junit-platform-launcher-1.13.4.jar;C:\Users\dador\.m2\repository\org\junit\jupiter\junit-jupiter-params\5.13.4\junit-jupiter-params-5.13.4.jar;C:\Users\dador\.m2\repository\org\hamcrest\hamcrest\2.2\hamcrest-2.2.jar;C:\Users\dador\.m2\repository\org\dbunit\dbunit\2.7.3\dbunit-2.7.3.jar;C:\Users\dador\.m2\repository\org\postgresql\postgresql\42.3.1\postgresql-42.3.1.jar;C:\Users\dador\.m2\repository\org\checkerframework\checker-qual\3.5.0\checker-qual-3.5.0.jar;C:\Users\dador\.m2\repository\com\oracle\database\jdbc\ojdbc8\19.3.0.0\ojdbc8-19.3.0.0.jar;C:\Users\dador\.m2\repository\com\oracle\database\jdbc\ucp\19.3.0.0\ucp-19.3.0.0.jar;C:\Users\dador\.m2\repository\com\oracle\database\security\oraclepki\19.3.0.0\oraclepki-19.3.0.0.jar;C:\Users\dador\.m2\repository\com\oracle\database\security\osdt_cert\19.3.0.0\osdt_cert-19.3.0.0.jar;C:\Users\dador\.m2\repository\com\oracle\database\security\osdt_core\19.3.0.0\osdt_core-19.3.0.0.jar;C:\Users\dador\.m2\repository\com\oracle\database\ha\simplefan\19.3.0.0\simplefan-19.3.0.0.jar;C:\Users\dador\.m2\repository\com\oracle\database\ha\ons\19.3.0.0\ons-19.3.0.0.jar;C:\Users\dador\.m2\repository\org\apache\httpcomponents\fluent-hc\4.5.14\fluent-hc-4.5.14.jar;C:\Users\dador\.m2\repository\org\apache\httpcomponents\httpclient\4.5.14\httpclient-4.5.14.jar;C:\Users\dador\.m2\repository\org\apache\httpcomponents\httpcore\4.4.16\httpcore-4.4.16.jar;C:\Users\dador\.m2\repository\commons-codec\commons-codec\1.11\commons-codec-1.11.jar;C:\Users\dador\.m2\repository\commons-logging\commons-logging\1.2\commons-logging-1.2.jar;C:\Users\dador\.m2\repository\org\slf4j\slf4j-api\2.0.7\slf4j-api-2.0.7.jar;C:\Users\dador\.m2\repository\org\slf4j\slf4j-simple\2.0.7\slf4j-simple-2.0.7.jar;"/>
    <property name="sun.cpu.endian" value="little"/>
    <property name="user.home" value="C:\Users\dador"/>
    <property name="user.language" value="es"/>
    <property name="java.specification.vendor" value="Oracle Corporation"/>
    <property name="java.version.date" value="2023-01-17"/>
    <property name="java.home" value="C:\Program Files\Java\jdk-19"/>
    <property name="file.separator" value="\"/>
    <property name="basedir" value="C:\Users\dador\Documents\GitHub\hybrid-server"/>
    <property name="java.vm.compressedOopsMode" value="Zero based"/>
    <property name="line.separator" value="&#10;"/>
    <property name="java.vm.specification.vendor" value="Oracle Corporation"/>
    <property name="java.specification.name" value="Java Platform API Specification"/>
    <property name="surefire.real.class.path" value="C:\Users\dador\AppData\Local\Temp\surefire7519655154944485880\surefirebooter-20250924230845750_3.jar"/>
    <property name="user.script" value=""/>
    <property name="sun.management.compiler" value="HotSpot 64-Bit Tiered Compilers"/>
    <property name="java.runtime.version" value="19.0.2+7-44"/>
    <property name="user.name" value="dador"/>
    <property name="stdout.encoding" value="Cp1252"/>
    <property name="path.separator" value=";"/>
    <property name="os.version" value="10.0"/>
    <property name="java.runtime.name" value="Java(TM) SE Runtime Environment"/>
    <property name="file.encoding" value="UTF-8"/>
    <property name="java.vm.name" value="Java HotSpot(TM) 64-Bit Server VM"/>
    <property name="localRepository" value="C:\Users\dador\.m2\repository"/>
    <property name="java.vendor.url.bug" value="https://bugreport.java.com/bugreport/"/>
    <property name="java.io.tmpdir" value="C:\Users\dador\AppData\Local\Temp\"/>
    <property name="java.version" value="19.0.2"/>
    <property name="user.dir" value="C:\Users\dador\Documents\GitHub\hybrid-server"/>
    <property name="os.arch" value="amd64"/>
    <property name="java.vm.specification.name" value="Java Virtual Machine Specification"/>
    <property name="sun.os.patch.level" value=""/>
    <property name="native.encoding" value="Cp1252"/>
    <property name="java.library.path" value="C:\Program Files\Java\jdk-19\bin;C:\Windows\Sun\Java\bin;C:\Windows\system32;C:\Windows;C:\Python313\Scripts\;C:\Python313\;C:\Program Files\Common Files\Oracle\Java\javapath;C:\Program Files (x86)\Common Files\Oracle\Java\java8path;C:\Program Files (x86)\Common Files\Oracle\Java\javapath;C:\Windows\system32;C:\Windows;C:\Windows\System32\Wbem;C:\Windows\System32\WindowsPowerShell\v1.0\;C:\Windows\System32\OpenSSH\;C:\Program Files\dotnet\;C:\Program Files (x86)\NVIDIA Corporation\PhysX\Common;C:\Program Files\Git\cmd;C:\Program Files\NVIDIA Corporation\NVIDIA app\NvDLISR;C:\Program Files\OpenSSL-Win64\bin;C:\Program Files\nodejs\;C:\apache-maven-3.9.11\bin;c:\Users\dador\AppData\Local\Programs\Trae\bin;C:\Users\dador\AppData\Local\Microsoft\WindowsApps;C:\Users\dador\AppData\Local\spicetify;C:\Program Files\JetBrains\PyCharm 2022.3\bin;C:\Users\dador\AppData\Local\GitHubDesktop\bin;C:\Users\dador\AppData\Local\Programs\Microsoft VS Code\bin;C:\Program Files\OpenSSL-Win64\bin;C:\Users\dador\AppData\Roaming\npm;C:\Users\dador\AppData\Local\Programs\Kiro\bin;."/>
    <property name="java.vm.info" value="mixed mode, sharing"/>
    <property name="stderr.encoding" value="Cp1252"/>
    <property name="java.vendor" value="Oracle Corporation"/>
    <property name="java.vm.version" value="19.0.2+7-44"/>
    <property name="sun.io.unicode.encoding" value="UnicodeLittle"/>
    <property name="java.class.version" value="63.0"/>
  </properties>
  <testcase name="testPostInvalidContent" classname="es.uvigo.esei.dai.hybridserver.step2.ClientRequetsTest" time="0.008">
    <failure message="&#10;Expected: is &lt;400&gt;&#10;     but: was &lt;200&gt;" type="java.lang.AssertionError"><![CDATA[java.lang.AssertionError: 

Expected: is <400>
     but: was <200>
	at org.hamcrest.MatcherAssert.assertThat(MatcherAssert.java:20)
	at org.hamcrest.MatcherAssert.assertThat(MatcherAssert.java:6)
	at es.uvigo.esei.dai.hybridserver.step2.ClientRequetsTest.testPostInvalidContent(ClientRequetsTest.java:157)
	at java.base/java.lang.reflect.Method.invoke(Method.java:578)
	at java.base/java.util.ArrayList.forEach(ArrayList.java:1511)
	at java.base/java.util.ArrayList.forEach(ArrayList.java:1511)
]]></failure>
  </testcase>
  <testcase name="testPost" classname="es.uvigo.esei.dai.hybridserver.step2.ClientRequetsTest" time="0.01">
    <failure message="&#10;Expected: a string containing &quot;&lt;a href=\&quot;html?uuid=3aff2f9c-0c7f-4630-99ad-27a0cf1af137\&quot;&gt;3aff2f9c-0c7f-4630-99ad-27a0cf1af137&lt;/a&gt;&quot;&#10;     but: was &quot;&lt;!DOCTYPE html&gt;&lt;html&gt;&lt;head&gt;&lt;meta charset=&apos;UTF-8&apos;&gt;&lt;title&gt;Listado&lt;/title&gt;&lt;/head&gt;&lt;body&gt;&lt;h1&gt;PÃ¡ginas HTML almacenadas&lt;/h1&gt;&lt;ul&gt;&lt;li&gt;&lt;a href=&apos;/html?uuid=3aff2f9c-0c7f-4630-99ad-27a0cf1af137&apos;&gt;3aff2f9c-0c7f-4630-99ad-27a0cf1af137&lt;/a&gt;&lt;/li&gt;&lt;li&gt;&lt;a href=&apos;/html?uuid=2471caa8-e8df-44d6-94f2-7752a74f6819&apos;&gt;2471caa8-e8df-44d6-94f2-7752a74f6819&lt;/a&gt;&lt;/li&gt;&lt;li&gt;&lt;a href=&apos;/html?uuid=6df1047e-cf19-4a83-8cf3-38f5e53f7725&apos;&gt;6df1047e-cf19-4a83-8cf3-38f5e53f7725&lt;/a&gt;&lt;/li&gt;&lt;li&gt;&lt;a href=&apos;/html?uuid=a35b6c5e-22d6-4707-98b4-462482e26c9e&apos;&gt;a35b6c5e-22d6-4707-98b4-462482e26c9e&lt;/a&gt;&lt;/li&gt;&lt;li&gt;&lt;a href=&apos;/html?uuid=fa0979ca-2734-41f7-84c5-e40e0886e408&apos;&gt;fa0979ca-2734-41f7-84c5-e40e0886e408&lt;/a&gt;&lt;/li&gt;&lt;li&gt;&lt;a href=&apos;/html?uuid=c6c80c75-b335-4f68-b7a7-59434413ce6c&apos;&gt;c6c80c75-b335-4f68-b7a7-59434413ce6c&lt;/a&gt;&lt;/li&gt;&lt;li&gt;&lt;a href=&apos;/html?uuid=79e01232-5ea4-41c8-9331-1c1880a1d3c2&apos;&gt;79e01232-5ea4-41c8-9331-1c1880a1d3c2&lt;/a&gt;&lt;/li&gt;&lt;li&gt;&lt;a href=&apos;/html?uuid=f959ecb3-6382-4ae5-9325-8fcbc068e446&apos;&gt;f959ecb3-6382-4ae5-9325-8fcbc068e446&lt;/a&gt;&lt;/li&gt;&lt;li&gt;&lt;a href=&apos;/html?uuid=77ec1d68-84e1-40f4-be8e-066e02f4e373&apos;&gt;77ec1d68-84e1-40f4-be8e-066e02f4e373&lt;/a&gt;&lt;/li&gt;&lt;li&gt;&lt;a href=&apos;/html?uuid=8f824126-0bd1-4074-b88e-c0b59d3e67a3&apos;&gt;8f824126-0bd1-4074-b88e-c0b59d3e67a3&lt;/a&gt;&lt;/li&gt;&lt;/ul&gt;&lt;/body&gt;&lt;/html&quot;" type="java.lang.AssertionError"><![CDATA[java.lang.AssertionError: 

Expected: a string containing "<a href=\"html?uuid=3aff2f9c-0c7f-4630-99ad-27a0cf1af137\">3aff2f9c-0c7f-4630-99ad-27a0cf1af137</a>"
     but: was "<!DOCTYPE html><html><head><meta charset='UTF-8'><title>Listado</title></head><body><h1>PÃ¡ginas HTML almacenadas</h1><ul><li><a href='/html?uuid=3aff2f9c-0c7f-4630-99ad-27a0cf1af137'>3aff2f9c-0c7f-4630-99ad-27a0cf1af137</a></li><li><a href='/html?uuid=2471caa8-e8df-44d6-94f2-7752a74f6819'>2471caa8-e8df-44d6-94f2-7752a74f6819</a></li><li><a href='/html?uuid=6df1047e-cf19-4a83-8cf3-38f5e53f7725'>6df1047e-cf19-4a83-8cf3-38f5e53f7725</a></li><li><a href='/html?uuid=a35b6c5e-22d6-4707-98b4-462482e26c9e'>a35b6c5e-22d6-4707-98b4-462482e26c9e</a></li><li><a href='/html?uuid=fa0979ca-2734-41f7-84c5-e40e0886e408'>fa0979ca-2734-41f7-84c5-e40e0886e408</a></li><li><a href='/html?uuid=c6c80c75-b335-4f68-b7a7-59434413ce6c'>c6c80c75-b335-4f68-b7a7-59434413ce6c</a></li><li><a href='/html?uuid=79e01232-5ea4-41c8-9331-1c1880a1d3c2'>79e01232-5ea4-41c8-9331-1c1880a1d3c2</a></li><li><a href='/html?uuid=f959ecb3-6382-4ae5-9325-8fcbc068e446'>f959ecb3-6382-4ae5-9325-8fcbc068e446</a></li><li><a href='/html?uuid=77ec1d68-84e1-40f4-be8e-066e02f4e373'>77ec1d68-84e1-40f4-be8e-066e02f4e373</a></li><li><a href='/html?uuid=8f824126-0bd1-4074-b88e-c0b59d3e67a3'>8f824126-0bd1-4074-b88e-c0b59d3e67a3</a></li></ul></body></html"
	at org.hamcrest.MatcherAssert.assertThat(MatcherAssert.java:20)
	at org.hamcrest.MatcherAssert.assertThat(MatcherAssert.java:6)
	at es.uvigo.esei.dai.hybridserver.step2.ClientRequetsTest.testPost(ClientRequetsTest.java:114)
	at java.base/java.lang.reflect.Method.invoke(Method.java:578)
	at java.base/java.util.ArrayList.forEach(ArrayList.java:1511)
	at java.base/java.util.ArrayList.forEach(ArrayList.java:1511)
]]></failure>
  </testcase>
  <testcase name="testGetInvalidResource" classname="es.uvigo.esei.dai.hybridserver.step2.ClientRequetsTest" time="0.004">
    <failure message="&#10;Expected: is &lt;400&gt;&#10;     but: was &lt;404&gt;" type="java.lang.AssertionError"><![CDATA[java.lang.AssertionError: 

Expected: is <400>
     but: was <404>
	at org.hamcrest.MatcherAssert.assertThat(MatcherAssert.java:20)
	at org.hamcrest.MatcherAssert.assertThat(MatcherAssert.java:6)
	at es.uvigo.esei.dai.hybridserver.step2.ClientRequetsTest.testGetInvalidResource(ClientRequetsTest.java:143)
	at java.base/java.lang.reflect.Method.invoke(Method.java:578)
	at java.base/java.util.ArrayList.forEach(ArrayList.java:1511)
	at java.base/java.util.ArrayList.forEach(ArrayList.java:1511)
]]></failure>
  </testcase>
  <testcase name="testGetInvalidHtmlPage" classname="es.uvigo.esei.dai.hybridserver.step2.ClientRequetsTest" time="0.003"/>
  <testcase name="testGetHtmlList" classname="es.uvigo.esei.dai.hybridserver.step2.ClientRequetsTest" time="0.004"/>
  <testcase name="testGetHtmlPage" classname="es.uvigo.esei.dai.hybridserver.step2.ClientRequetsTest" time="0.013"/>
  <testcase name="testDelete" classname="es.uvigo.esei.dai.hybridserver.step2.ClientRequetsTest" time="0.005">
    <failure message="The page already exists&#10;Expected: is &lt;404&gt;&#10;     but: was &lt;200&gt;" type="java.lang.AssertionError"><![CDATA[java.lang.AssertionError: 
The page already exists
Expected: is <404>
     but: was <200>
	at org.hamcrest.MatcherAssert.assertThat(MatcherAssert.java:20)
	at es.uvigo.esei.dai.hybridserver.step2.ClientRequetsTest.testDelete(ClientRequetsTest.java:128)
	at java.base/java.lang.reflect.Method.invoke(Method.java:578)
	at java.base/java.util.ArrayList.forEach(ArrayList.java:1511)
	at java.base/java.util.ArrayList.forEach(ArrayList.java:1511)
]]></failure>
  </testcase>
  <testcase name="testDeleteNonexistentPage" classname="es.uvigo.esei.dai.hybridserver.step2.ClientRequetsTest" time="0.003"/>
</testsuite>